<?xml version="1.0" encoding="UTF-8"?>
<!-- Generated by org.testng.reporters.JUnitReportReporter -->
<testsuite hostname="Andrews-MacBook-Pro-3.local" failures="0" tests="1" name="PCCW_Assessment.PCCW_Assessment.Login" time="11.930" errors="0" timestamp="2024-01-24T13:27:16 AEDT" skipped="0">
  <testcase classname="PCCW_Assessment.PCCW_Assessment.Login" name="testLogin" time="11.930"/>
</testsuite> <!-- PCCW_Assessment.PCCW_Assessment.Login -->
